[debug] [2023-08-21T04:58:46.129Z] ----------------------------------------------------------------------
[debug] [2023-08-21T04:58:46.133Z] Command:       C:\Program Files\nodejs\node.exe C:\Program Files (x86)\Nodist\bin\node_modules\firebase-tools\lib\bin\firebase.js init
[debug] [2023-08-21T04:58:46.134Z] CLI Version:   12.4.8
[debug] [2023-08-21T04:58:46.135Z] Platform:      win32
[debug] [2023-08-21T04:58:46.135Z] Node Version:  v16.20.2
[debug] [2023-08-21T04:58:46.137Z] Time:          Sun Aug 20 2023 23:58:46 GMT-0500 (hora estándar de Colombia)
[debug] [2023-08-21T04:58:46.138Z] ----------------------------------------------------------------------
[debug] 
[debug] [2023-08-21T04:58:46.158Z] > command requires scopes: ["email","openid","https://www.googleapis.com/auth/cloudplatformprojects.readonly","https://www.googleapis.com/auth/firebase","https://www.googleapis.com/auth/cloud-platform"]
[debug] [2023-08-21T04:58:46.159Z] > authorizing via signed-in user (carrilloricki2211@gmail.com)
[info] 
     ######## #### ########  ######## ########     ###     ######  ########
     ##        ##  ##     ## ##       ##     ##  ##   ##  ##       ##
     ######    ##  ########  ######   ########  #########  ######  ######
     ##        ##  ##    ##  ##       ##     ## ##     ##       ## ##
     ##       #### ##     ## ######## ########  ##     ##  ######  ########

You're about to initialize a Firebase project in this directory:

  C:\Users\carri\OneDrive\Documentos\GitHub\prueba_kru\backend

[info] 
=== Project Setup
[info] 
[info] First, let's associate this project directory with a Firebase project.
[info] You can create multiple project aliases by running firebase use --add, 
[info] but for now we'll just set up a default project.
[info] 
[debug] [2023-08-21T04:59:00.140Z] >>> [apiv2][query] GET https://firebase.googleapis.com/v1beta1/projects pageSize=100
[debug] [2023-08-21T04:59:00.788Z] <<< [apiv2][status] GET https://firebase.googleapis.com/v1beta1/projects 200
[debug] [2023-08-21T04:59:00.788Z] <<< [apiv2][body] GET https://firebase.googleapis.com/v1beta1/projects [omitted]
[info] i  Using project contactkru-22bd9 (ContactKru) 
[info] 
=== Hosting Setup
[info] 
[info] Your public directory is the folder (relative to your project directory) that
[info] will contain Hosting assets to be uploaded with firebase deploy. If you
[info] have a build process for your assets, use your build's output directory.
[info] 
[info] +  Wrote public/404.html 
[debug] [2023-08-21T04:59:19.525Z] >>> [apiv2][query] GET https://www.gstatic.com/firebasejs/releases.json [none]
[debug] [2023-08-21T04:59:19.721Z] <<< [apiv2][status] GET https://www.gstatic.com/firebasejs/releases.json 200
[debug] [2023-08-21T04:59:19.722Z] <<< [apiv2][body] GET https://www.gstatic.com/firebasejs/releases.json {"current":{"version":"10.2.0","browserURL":"https://www.gstatic.com/firebasejs/10.2.0/firebase.js","packageURL":"https://www.gstatic.com/firebasejs/10.2.0/firebase.tgz"},"live":{"version":"10.2","browserURL":"https://www.gstatic.com/firebasejs/live/10.2/firebase.js","packageURL":"https://www.gstatic.com/firebasejs/live/10.2/firebase.tgz"},"components":{"analytics":"https://www.gstatic.com/firebasejs/10.2.0/firebase-analytics.js","app":"https://www.gstatic.com/firebasejs/10.2.0/firebase-app.js","app-check":"https://www.gstatic.com/firebasejs/10.2.0/firebase-app-check.js","auth":"https://www.gstatic.com/firebasejs/10.2.0/firebase-auth.js","auth/cordova":"https://www.gstatic.com/firebasejs/10.2.0/firebase-auth/cordova.js","functions":"https://www.gstatic.com/firebasejs/10.2.0/firebase-functions.js","firestore":"https://www.gstatic.com/firebasejs/10.2.0/firebase-firestore.js","firestore/lite":"https://www.gstatic.com/firebasejs/10.2.0/firebase-firestore/lite.js","installations":"https://www.gstatic.com/firebasejs/10.2.0/firebase-installations.js","storage":"https://www.gstatic.com/firebasejs/10.2.0/firebase-storage.js","performance":"https://www.gstatic.com/firebasejs/10.2.0/firebase-performance.js","remote-config":"https://www.gstatic.com/firebasejs/10.2.0/firebase-remote-config.js","messaging":"https://www.gstatic.com/firebasejs/10.2.0/firebase-messaging.js","messaging/sw":"https://www.gstatic.com/firebasejs/10.2.0/firebase-messaging/sw.js","database":"https://www.gstatic.com/firebasejs/10.2.0/firebase-database.js","firestore.memory":"https://www.gstatic.com/firebasejs/10.2.0/firebase-firestore.memory.js"}}
[info] +  Wrote public/index.html 
[info] 
[info] i  Detected a .git folder at C:\Users\carri\OneDrive\Documentos\GitHub\prueba_kru 
[info] i  Authorizing with GitHub to upload your service account to a GitHub repository's secrets store. 
[info] 
[info] Visit this URL on this device to log in:
[info] https://github.com/login/oauth/authorize?client_id=89cf50f02ac6aaed3484&state=111409505&redirect_uri=http%3A%2F%2Flocalhost%3A9005&scope=read%3Auser%20repo%20public_repo
[info] 
[info] Waiting for authentication...
[debug] [2023-08-21T04:59:27.915Z] >>> [apiv2][query] POST https://github.com/login/oauth/access_token [none]
[debug] [2023-08-21T04:59:27.915Z] >>> [apiv2][body] POST https://github.com/login/oauth/access_token [stream]
[debug] [2023-08-21T04:59:28.254Z] <<< [apiv2][status] POST https://github.com/login/oauth/access_token 200
[debug] [2023-08-21T04:59:28.254Z] <<< [apiv2][body] POST https://github.com/login/oauth/access_token {"access_token":"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","token_type":"bearer","scope":"read:user,repo"}
[debug] [2023-08-21T04:59:28.268Z] >>> [apiv2][query] GET https://api.github.com/user [none]
[debug] [2023-08-21T04:59:28.638Z] <<< [apiv2][status] GET https://api.github.com/user 200
[debug] [2023-08-21T04:59:28.638Z] <<< [apiv2][body] GET https://api.github.com/user {"login":"RicardoCarrillp","id":60947627,"node_id":"MDQ6VXNlcjYwOTQ3NjI3","avatar_url":"https://avatars.githubusercontent.com/u/60947627?v=4","gravatar_id":"","url":"https://api.github.com/users/RicardoCarrillp","html_url":"https://github.com/RicardoCarrillp","followers_url":"https://api.github.com/users/RicardoCarrillp/followers","following_url":"https://api.github.com/users/RicardoCarrillp/following{/other_user}","gists_url":"https://api.github.com/users/RicardoCarrillp/gists{/gist_id}","starred_url":"https://api.github.com/users/RicardoCarrillp/starred{/owner}{/repo}","subscriptions_url":"https://api.github.com/users/RicardoCarrillp/subscriptions","organizations_url":"https://api.github.com/users/RicardoCarrillp/orgs","repos_url":"https://api.github.com/users/RicardoCarrillp/repos","events_url":"https://api.github.com/users/RicardoCarrillp/events{/privacy}","received_events_url":"https://api.github.com/users/RicardoCarrillp/received_events","type":"User","site_admin":false,"name":"Ricardo","company":null,"blog":"","location":"Colombia","email":null,"hireable":null,"bio":null,"twitter_username":null,"public_repos":38,"public_gists":0,"followers":2,"following":2,"created_at":"2020-02-11T22:45:56Z","updated_at":"2023-08-20T02:26:23Z","private_gists":0,"total_private_repos":3,"owned_private_repos":3,"disk_usage":212612,"collaborators":0,"two_factor_authentication":false,"plan":{"name":"free","space":976562499,"collaborators":0,"private_repos":10000}}
[info] 
[info] +  Success! Logged into GitHub as RicardoCarrillp 
[info] 
[debug] [2023-08-21T04:59:32.895Z] >>> [apiv2][query] GET https://api.github.com/repos//actions/secrets/public-key type=owner
[debug] [2023-08-21T04:59:33.861Z] <<< [apiv2][status] GET https://api.github.com/repos//actions/secrets/public-key 404
[debug] [2023-08-21T04:59:33.862Z] <<< [apiv2][body] GET https://api.github.com/repos//actions/secrets/public-key {"message":"Not Found","documentation_url":"https://docs.github.com/rest"}
[info] 
[info] 
[error] !  The provided authorization cannot be used with this repository. If this repository is in an organization, did you remember to grant access? 
[info] 
[info] i  Action required: Visit this URL to ensure access has been granted to the appropriate organization(s) for the Firebase CLI GitHub OAuth App: 
[info] https://github.com/settings/connections/applications/89cf50f02ac6aaed3484
[info] 
[debug] [2023-08-21T04:59:38.113Z] >>> [apiv2][query] GET https://api.github.com/repos/ricardocarrillp/actions/secrets/public-key type=owner
[debug] [2023-08-21T04:59:38.429Z] <<< [apiv2][status] GET https://api.github.com/repos/ricardocarrillp/actions/secrets/public-key 404
[debug] [2023-08-21T04:59:38.429Z] <<< [apiv2][body] GET https://api.github.com/repos/ricardocarrillp/actions/secrets/public-key {"message":"Not Found","documentation_url":"https://docs.github.com/rest"}
[info] 
[info] 
[error] !  The provided authorization cannot be used with this repository. If this repository is in an organization, did you remember to grant access? 
[info] 
[info] i  Action required: Visit this URL to ensure access has been granted to the appropriate organization(s) for the Firebase CLI GitHub OAuth App: 
[info] https://github.com/settings/connections/applications/89cf50f02ac6aaed3484
[info] 
[debug] [2023-08-21T04:59:47.935Z] >>> [apiv2][query] GET https://api.github.com/repos/ricardocarrillp/actions/secrets/public-key type=owner
[debug] [2023-08-21T04:59:48.270Z] <<< [apiv2][status] GET https://api.github.com/repos/ricardocarrillp/actions/secrets/public-key 404
[debug] [2023-08-21T04:59:48.270Z] <<< [apiv2][body] GET https://api.github.com/repos/ricardocarrillp/actions/secrets/public-key {"message":"Not Found","documentation_url":"https://docs.github.com/rest"}
[info] 
[info] 
[error] !  The provided authorization cannot be used with this repository. If this repository is in an organization, did you remember to grant access? 
[info] 
[info] i  Action required: Visit this URL to ensure access has been granted to the appropriate organization(s) for the Firebase CLI GitHub OAuth App: 
[info] https://github.com/settings/connections/applications/89cf50f02ac6aaed3484
[info] 
[debug] [2023-08-21T04:59:49.141Z] >>> [apiv2][query] GET https://api.github.com/repos/ricardocarrillp/actions/secrets/public-key type=owner
[debug] [2023-08-21T04:59:49.416Z] <<< [apiv2][status] GET https://api.github.com/repos/ricardocarrillp/actions/secrets/public-key 404
[debug] [2023-08-21T04:59:49.416Z] <<< [apiv2][body] GET https://api.github.com/repos/ricardocarrillp/actions/secrets/public-key {"message":"Not Found","documentation_url":"https://docs.github.com/rest"}
[info] 
[info] 
[error] !  The provided authorization cannot be used with this repository. If this repository is in an organization, did you remember to grant access? 
[info] 
[info] i  Action required: Visit this URL to ensure access has been granted to the appropriate organization(s) for the Firebase CLI GitHub OAuth App: 
[info] https://github.com/settings/connections/applications/89cf50f02ac6aaed3484
[info] 
